<?xml version="1.0" encoding="UTF-8"?>
<testsuite name="Matrix" tests="4" skipped="0" failures="0" errors="0" timestamp="2023-01-25T10:23:48" hostname="AHMED" time="0.3">
  <properties/>
  <testcase name="Determinant" classname="Matrix" time="0.286"/>
  <testcase name="Transpose" classname="Matrix" time="0.005"/>
  <testcase name="Inverse" classname="Matrix" time="0.004"/>
  <testcase name="Cofactor" classname="Matrix" time="0.004"/>
  <system-out><![CDATA[]]></system-out>
  <system-err><![CDATA[]]></system-err>
</testsuite>
